C:\USERS\MATEUSZ\DOCUMENTS\VISUAL STUDIO 2012\PROJECTS\PROJEKTAK2MACIERZE\PROJEKTAK2MACIERZE\DEBUG\VC110.PDB
C:\USERS\MATEUSZ\DOCUMENTS\VISUAL STUDIO 2012\PROJECTS\PROJEKTAK2MACIERZE\PROJEKTAK2MACIERZE\DEBUG\SOURCE.OBJ
c:\Users\mateusz\documents\visual studio 2012\Projects\ProjektAK2Macierze\ProjektAK2Macierze\Debug\gauss.cu.cache
c:\Users\mateusz\documents\visual studio 2012\Projects\ProjektAK2Macierze\ProjektAK2Macierze\Debug\kernel.cu.cache
c:\Users\mateusz\documents\visual studio 2012\Projects\ProjektAK2Macierze\ProjektAK2Macierze\Debug\gauss.cu.obj
c:\Users\mateusz\documents\visual studio 2012\Projects\ProjektAK2Macierze\ProjektAK2Macierze\Debug\kernel.cu.obj
c:\Users\mateusz\documents\visual studio 2012\Projects\ProjektAK2Macierze\ProjektAK2Macierze\Debug\Source.obj
c:\Users\mateusz\documents\visual studio 2012\Projects\ProjektAK2Macierze\ProjektAK2Macierze\Debug\cl.command.1.tlog
c:\Users\mateusz\documents\visual studio 2012\Projects\ProjektAK2Macierze\ProjektAK2Macierze\Debug\CL.read.1.tlog
c:\Users\mateusz\documents\visual studio 2012\Projects\ProjektAK2Macierze\ProjektAK2Macierze\Debug\CL.write.1.tlog
c:\Users\mateusz\documents\visual studio 2012\Projects\ProjektAK2Macierze\ProjektAK2Macierze\Debug\link-cvtres.read.1.tlog
c:\Users\mateusz\documents\visual studio 2012\Projects\ProjektAK2Macierze\ProjektAK2Macierze\Debug\link-cvtres.write.1.tlog
c:\Users\mateusz\documents\visual studio 2012\Projects\ProjektAK2Macierze\ProjektAK2Macierze\Debug\link-rc.read.1.tlog
c:\Users\mateusz\documents\visual studio 2012\Projects\ProjektAK2Macierze\ProjektAK2Macierze\Debug\link-rc.write.1.tlog
c:\Users\mateusz\documents\visual studio 2012\Projects\ProjektAK2Macierze\ProjektAK2Macierze\Debug\link.command.1.tlog
c:\Users\mateusz\documents\visual studio 2012\Projects\ProjektAK2Macierze\ProjektAK2Macierze\Debug\link.read.1.tlog
c:\Users\mateusz\documents\visual studio 2012\Projects\ProjektAK2Macierze\ProjektAK2Macierze\Debug\link.write.1.tlog
c:\Users\mateusz\documents\visual studio 2012\Projects\ProjektAK2Macierze\ProjektAK2Macierze\Debug\vc110.idb
c:\Users\mateusz\documents\visual studio 2012\Projects\ProjektAK2Macierze\ProjektAK2Macierze\Debug\vc110.pdb
c:\users\mateusz\documents\visual studio 2012\Projects\ProjektAK2Macierze\Debug\ProjektAK2Macierze.pdb
